Warning[207] C:\USERS\USER\MPLABXPROJECTS\LAB7.X\BASIC.ASM 58 : Found label after column 1. (L1)
Warning[207] C:\USERS\USER\MPLABXPROJECTS\LAB7.X\BASIC.ASM 59 : Found label after column 1. (L2)
Warning[205] C:\USERS\USER\MPLABXPROJECTS\LAB7.X\BASIC.ASM 80 : Found directive in column 1. (endm)
Warning[205] C:\USERS\USER\MPLABXPROJECTS\LAB7.X\BASIC.ASM 101 : Found directive in column 1. (endm)
Warning[203] C:\USERS\USER\MPLABXPROJECTS\LAB7.X\BASIC.ASM 106 : Found opcode in column 1. (goto)
Warning[205] C:\USERS\USER\MPLABXPROJECTS\LAB7.X\BASIC.ASM 107 : Found directive in column 1. (org)
Warning[207] C:\USERS\USER\MPLABXPROJECTS\LAB7.X\BASIC.ASM 66 : Found label after column 1. (LOOP2)
Warning[202] C:\USERS\USER\MPLABXPROJECTS\LAB7.X\BASIC.ASM 67 : Argument out of range.  Least significant bits used.
Warning[207] C:\USERS\USER\MPLABXPROJECTS\LAB7.X\BASIC.ASM 69 : Found label after column 1. (LOOP1)
Warning[207] C:\USERS\USER\MPLABXPROJECTS\LAB7.X\BASIC.ASM 87 : Found label after column 1. (LOOP2)
Warning[202] C:\USERS\USER\MPLABXPROJECTS\LAB7.X\BASIC.ASM 88 : Argument out of range.  Least significant bits used.
Warning[207] C:\USERS\USER\MPLABXPROJECTS\LAB7.X\BASIC.ASM 90 : Found label after column 1. (LOOP1)
Warning[207] C:\USERS\USER\MPLABXPROJECTS\LAB7.X\BASIC.ASM 87 : Found label after column 1. (LOOP2)
Warning[202] C:\USERS\USER\MPLABXPROJECTS\LAB7.X\BASIC.ASM 88 : Argument out of range.  Least significant bits used.
Warning[207] C:\USERS\USER\MPLABXPROJECTS\LAB7.X\BASIC.ASM 90 : Found label after column 1. (LOOP1)
Warning[207] C:\USERS\USER\MPLABXPROJECTS\LAB7.X\BASIC.ASM 87 : Found label after column 1. (LOOP2)
Warning[202] C:\USERS\USER\MPLABXPROJECTS\LAB7.X\BASIC.ASM 88 : Argument out of range.  Least significant bits used.
Warning[207] C:\USERS\USER\MPLABXPROJECTS\LAB7.X\BASIC.ASM 90 : Found label after column 1. (LOOP1)
Warning[207] C:\USERS\USER\MPLABXPROJECTS\LAB7.X\BASIC.ASM 87 : Found label after column 1. (LOOP2)
Warning[202] C:\USERS\USER\MPLABXPROJECTS\LAB7.X\BASIC.ASM 88 : Argument out of range.  Least significant bits used.
Warning[207] C:\USERS\USER\MPLABXPROJECTS\LAB7.X\BASIC.ASM 90 : Found label after column 1. (LOOP1)
Warning[207] C:\USERS\USER\MPLABXPROJECTS\LAB7.X\BASIC.ASM 87 : Found label after column 1. (LOOP2)
Warning[202] C:\USERS\USER\MPLABXPROJECTS\LAB7.X\BASIC.ASM 88 : Argument out of range.  Least significant bits used.
Warning[207] C:\USERS\USER\MPLABXPROJECTS\LAB7.X\BASIC.ASM 90 : Found label after column 1. (LOOP1)
Warning[207] C:\USERS\USER\MPLABXPROJECTS\LAB7.X\BASIC.ASM 87 : Found label after column 1. (LOOP2)
Warning[202] C:\USERS\USER\MPLABXPROJECTS\LAB7.X\BASIC.ASM 88 : Argument out of range.  Least significant bits used.
Warning[207] C:\USERS\USER\MPLABXPROJECTS\LAB7.X\BASIC.ASM 90 : Found label after column 1. (LOOP1)
Warning[207] C:\USERS\USER\MPLABXPROJECTS\LAB7.X\BASIC.ASM 87 : Found label after column 1. (LOOP2)
Warning[202] C:\USERS\USER\MPLABXPROJECTS\LAB7.X\BASIC.ASM 88 : Argument out of range.  Least significant bits used.
Warning[207] C:\USERS\USER\MPLABXPROJECTS\LAB7.X\BASIC.ASM 90 : Found label after column 1. (LOOP1)
Warning[205] C:\USERS\USER\MPLABXPROJECTS\LAB7.X\BASIC.ASM 209 : Found directive in column 1. (end)
