MPASM 5.84                         BONUS.ASM   11-21-2024  9:30:26         PAGE  1


LOC  OBJECT CODE     LINE SOURCE TEXT
  VALUE

                      00001 #include "p18f4520.inc"
                      00001         LIST
                      00002 
                      00003 ;==========================================================================
                      00004 ; Build date : Mar 17 2019
                      00005 ;  MPASM PIC18F4520 processor include
                      00006 ; 
                      00007 ;  (c) Copyright 1999-2019 Microchip Technology, All rights reserved
                      00008 ;==========================================================================
                      00009 
                      01489         LIST
                      00002 
                      00003 ; CONFIG1H
                      00004   CONFIG  OSC = INTIO67         ; Oscillator Selection bits (Internal oscillator block, port function on
                             RA6 and RA7)
                      00005   CONFIG  FCMEN = OFF           ; Fail-Safe Clock Monitor Enable bit (Fail-Safe Clock Monitor disabled)
                      00006   CONFIG  IESO = OFF            ; Internal/External Oscillator Switchover bit (Oscillator Switchover mod
                            e disabled)
                      00007 
                      00008 ; CONFIG2L
                      00009   CONFIG  PWRT = OFF            ; Power-up Timer Enable bit (PWRT disabled)
                      00010   CONFIG  BOREN = SBORDIS       ; Brown-out Reset Enable bits (Brown-out Reset enabled in hardware only 
                            (SBOREN is disabled))
                      00011   CONFIG  BORV = 3              ; Brown Out Reset Voltage bits (Minimum setting)
                      00012 
                      00013 ; CONFIG2H
                      00014   CONFIG  WDT = OFF             ; Watchdog Timer Enable bit (WDT disabled (control is placed on the SWDT
                            EN bit))
                      00015   CONFIG  WDTPS = 32768         ; Watchdog Timer Postscale Select bits (1:32768)
                      00016 
                      00017 ; CONFIG3H
                      00018   CONFIG  CCP2MX = PORTC        ; CCP2 MUX bit (CCP2 input/output is multiplexed with RC1)
                      00019   CONFIG  PBADEN = ON           ; PORTB A/D Enable bit (PORTB<4:0> pins are configured as analog input c
                            hannels on Reset)
                      00020   CONFIG  LPT1OSC = OFF         ; Low-Power Timer1 Oscillator Enable bit (Timer1 configured for higher p
                            ower operation)
                      00021   CONFIG  MCLRE = ON            ; MCLR Pin Enable bit (MCLR pin enabled; RE3 input pin disabled)
                      00022 
                      00023 ; CONFIG4L
                      00024   CONFIG  STVREN = ON           ; Stack Full/Underflow Reset Enable bit (Stack full/underflow will cause
                             Reset)
                      00025   CONFIG  LVP = OFF             ; Single-Supply ICSP Enable bit (Single-Supply ICSP disabled)
                      00026   CONFIG  XINST = OFF           ; Extended Instruction Set Enable bit (Instruction set extension and Ind
                            exed Addressing mode disabled (Legacy mode))
                      00027 
                      00028 ; CONFIG5L
                      00029   CONFIG  CP0 = OFF             ; Code Protection bit (Block 0 (000800-001FFFh) not code-protected)
                      00030   CONFIG  CP1 = OFF             ; Code Protection bit (Block 1 (002000-003FFFh) not code-protected)
                      00031   CONFIG  CP2 = OFF             ; Code Protection bit (Block 2 (004000-005FFFh) not code-protected)
                      00032   CONFIG  CP3 = OFF             ; Code Protection bit (Block 3 (006000-007FFFh) not code-protected)
                      00033 
                      00034 ; CONFIG5H
                      00035   CONFIG  CPB = OFF             ; Boot Block Code Protection bit (Boot block (000000-0007FFh) not code-p
MPASM 5.84                         BONUS.ASM   11-21-2024  9:30:26         PAGE  2


LOC  OBJECT CODE     LINE SOURCE TEXT
  VALUE

                            rotected)
                      00036   CONFIG  CPD = OFF             ; Data EEPROM Code Protection bit (Data EEPROM not code-protected)
                      00037 
                      00038 ; CONFIG6L
                      00039   CONFIG  WRT0 = OFF            ; Write Protection bit (Block 0 (000800-001FFFh) not write-protected)
                      00040   CONFIG  WRT1 = OFF            ; Write Protection bit (Block 1 (002000-003FFFh) not write-protected)
                      00041   CONFIG  WRT2 = OFF            ; Write Protection bit (Block 2 (004000-005FFFh) not write-protected)
                      00042   CONFIG  WRT3 = OFF            ; Write Protection bit (Block 3 (006000-007FFFh) not write-protected)
                      00043 
                      00044 ; CONFIG6H
                      00045   CONFIG  WRTC = OFF            ; Configuration Register Write Protection bit (Configuration registers (
                            300000-3000FFh) not write-protected)
                      00046   CONFIG  WRTB = OFF            ; Boot Block Write Protection bit (Boot block (000000-0007FFh) not write
                            -protected)
                      00047   CONFIG  WRTD = OFF            ; Data EEPROM Write Protection bit (Data EEPROM not write-protected)
                      00048 
                      00049 ; CONFIG7L
                      00050   CONFIG  EBTR0 = OFF           ; Table Read Protection bit (Block 0 (000800-001FFFh) not protected from
                             table reads executed in other blocks)
                      00051   CONFIG  EBTR1 = OFF           ; Table Read Protection bit (Block 1 (002000-003FFFh) not protected from
                             table reads executed in other blocks)
                      00052   CONFIG  EBTR2 = OFF           ; Table Read Protection bit (Block 2 (004000-005FFFh) not protected from
                             table reads executed in other blocks)
                      00053   CONFIG  EBTR3 = OFF           ; Table Read Protection bit (Block 3 (006000-007FFFh) not protected from
                             table reads executed in other blocks)
                      00054 
                      00055 ; CONFIG7H
                      00056   CONFIG  EBTRB = OFF           ; Boot Block Table Read Protection bit (Boot block (000000-0007FFh) not 
                            protected from table reads executed in other blocks)
                      00057     
Warning[207]: Found label after column 1. (L1)
  00000014            00058     L1 EQU 0x14
Warning[207]: Found label after column 1. (L2)
  00000015            00059     L2 EQU 0x15
                      00060     org 0x00
                      00061 
                      00062 DELAY macro num1, num2 
                      00063     local LOOP1 
                      00064     local LOOP2
                      00065     MOVLW num2
                      00066     MOVWF L2
                      00067     LOOP2:
                      00068         MOVLW num1
                      00069         MOVWF L1
                      00070     LOOP1:
                      00071         NOP
                      00072         NOP
                      00073         NOP
                      00074         NOP
                      00075         NOP
                      00076         NOP
                      00077         DECFSZ L1, 1
                      00078         BRA LOOP1
MPASM 5.84                         BONUS.ASM   11-21-2024  9:30:26         PAGE  3


LOC  OBJECT CODE     LINE SOURCE TEXT
  VALUE

                      00079         DECFSZ L2, 1
                      00080         BRA LOOP2
Warning[205]: Found directive in column 1. (endm)
                      00081 endm
                      00082         
Warning[203]: Found opcode in column 1. (goto)
000000 EF?? F???      00083 goto Initial                        
000004                00084 ISR:                            
                      00085     org 0x08                ; ????: ?0.5??????interrupt
000008 0E02           00086     MOVLW 0x02
00000A B032           00087     BTFSC 0x032, 0
00000C 5E20           00088         SUBWF 0x020 ; if 0th bit = 1, run this
00000E 2A20           00089     INCF 0x020
000010 5031           00090     MOVF 0x031, w
000012 6020           00091     CPFSLT 0x020
000014 C030 F020      00092         MOVFF 0x030, 0x020
000018 C020 FF89      00093     MOVFF 0x020, LATA
00001C 929E           00094     BCF PIR1, TMR2IF        ; ??????TMR2IF?? (??flag bit)
00001E 0010           00095     RETFIE
                      00096     
000020                00097 Initial:        
                      00098     ;0.5s
                      00099     ; set Prescale and Postscale = 1:16?means every 256 T passed the TIMER2+1
                      00100     ; but TIMER is count by frequence / 4
                      00101     ; so only when pass 256 * 4 = 1024 cycles, the TIMER2 + 1
                      00102     ; if it is 250khz?want Delay 0.5s? means while pass 125000 cycles run Interrupt once
                      00103     ; so PR2 should set 125000 / 1024 = 122.0703125? choose 122?
000020 0E0F           00104     MOVLW 0x0F
000022 6EC1           00105     MOVWF ADCON1
000024 6A92           00106     CLRF TRISA
000026 6A89           00107     CLRF LATA
000028 9092           00108     BCF TRISA, 0        ; Set RA0 as output (TRISA = 0000 0000)
00002A 9292           00109     BCF TRISA, 1        ; Set RA1 as output (TRISA = 0000 0000)
00002C 9492           00110     BCF TRISA, 2        ; Set RA2 as output (TRISA = 0000 0000)
00002E 9692           00111     BCF TRISA, 3        ; Set RA3 as output (TRISA = 0000 0000)
000030 6A81           00112     CLRF PORTB          ; Clear PORTB
000032 8093           00113     BSF TRISB,  0        ; set RB0 = 1
000034 8ED0           00114     BSF RCON, IPEN
000036 8EF2           00115     BSF INTCON, GIE
000038 929E           00116     BCF PIR1, TMR2IF            ; for using TIMER2?set TMR2IF?TMR2IE?TMR2IP?
00003A 829F           00117     BSF IPR1, TMR2IP
00003C 829D           00118     BSF PIE1 , TMR2IE
00003E 0EFF           00119     MOVLW b'11111111'           
000040 6ECA           00120     MOVWF T2CON         
000042 0E3D           00121     MOVLW D'61'         
000044 6ECB           00122     MOVWF PR2                   
                      00123     
000046 6A20           00124     CLRF 0x020 ; store ans
000048 6A21           00125     CLRF 0x021 ; store state
00004A 6A32           00126     CLRF 0x032 ; check dec if 0th bit = 1 => sub 2
                      00127     
Warning[202]: Argument out of range.  Least significant bits used.
00004C 0EA0           00128     MOVLW D'00100000'
MPASM 5.84                         BONUS.ASM   11-21-2024  9:30:26         PAGE  4


LOC  OBJECT CODE     LINE SOURCE TEXT
  VALUE

00004E 6ED3           00129     MOVWF OSCCON                ; set 250kHz
                      00130     
000050                00131 main:
000050 6A20           00132     CLRF 0x020
000052 0E00           00133     MOVLW 0x00
000054 6E30           00134     MOVWF 0x030
000056 6A32           00135     CLRF 0x032
000058 0E08           00136     MOVLW 0x08
00005A 6E31           00137     MOVWF 0x031
00005C C030 F020      00138     MOVFF 0x030, 0x020
000060 C020 FF89      00139     MOVFF 0x020, LATA
000064 EF?? F???      00140     GOTO s1
000068 D???           00141     bra main        
                      00142 
                      00143 ;0.25s
00006A                00144 s1: 
00006A 0E01           00145     MOVLW 0x01
00006C 6E21           00146     MOVWF 0x021
00006E A081           00147     BTFSS PORTB, 0              ; Check if PORTB bit 0 is high (button not pressed)
000070 EF?? F???      00148         GOTO change             ; if button is press (bit 0 = 0), GOTO s2
000074 0E3D           00149     MOVLW D'61'         ; 250000 / 4 = 62500 => 62500 / 1024 = 61
000076 6ECB           00150     MOVWF PR2   
000078 EF?? F???      00151     GOTO s1
                      00152     
                      00153 ;0.5s
00007C                00154 s2:
00007C 0E02           00155     MOVLW 0x02
00007E 6E21           00156     MOVWF 0x021
000080 A081           00157     BTFSS PORTB, 0              ; Check if PORTB bit 0 is high (button not pressed)
000082 EF?? F???      00158         GOTO change             ; if button is press (bit 0 = 0), GOTO s3
000086 0E7A           00159     MOVLW D'122'                ; 250000 / 2 = 62500 => 125000 / 1024 = 122
000088 6ECB           00160     MOVWF PR2   
00008A EF?? F???      00161     GOTO s2
                      00162     
                      00163 ;0.25s
00008E                00164 s3:
00008E 0E03           00165     MOVLW 0x03
000090 6E21           00166     MOVWF 0x021
000092 A081           00167     BTFSS PORTB, 0              ; Check if PORTB bit 0 is high (button not pressed)
000094 EF?? F???      00168         GOTO change             ; if button is press (bit 0 = 0), GOTO s4
000098 0E3D           00169     MOVLW D'61'         ; 250000 / 4 = 62500 => 62500 / 1024 = 61
00009A 6ECB           00170     MOVWF PR2   
00009C EF?? F???      00171     GOTO s3
                      00172 
                      00173 ;0.5s
0000A0                00174 s4:
0000A0 0E04           00175     MOVLW 0x04
0000A2 6E21           00176     MOVWF 0x021
0000A4 A081           00177     BTFSS PORTB, 0              ; Check if PORTB bit 0 is high (button not pressed)
0000A6 EF?? F???      00178         GOTO change             ; if button is press (bit 0 = 0), GOTO s5
0000AA 0E7A           00179     MOVLW D'122'                ; 250000 / 2 = 62500 => 125000 / 1024 = 122
0000AC 6ECB           00180     MOVWF PR2   
0000AE EF?? F???      00181     GOTO s4
MPASM 5.84                         BONUS.ASM   11-21-2024  9:30:26         PAGE  5


LOC  OBJECT CODE     LINE SOURCE TEXT
  VALUE

                      00182 
                      00183 ;0.25s
0000B2                00184 s5:
0000B2 0E05           00185     MOVLW 0x05
0000B4 6E21           00186     MOVWF 0x021
0000B6 A081           00187     BTFSS PORTB, 0              ; Check if PORTB bit 0 is high (button not pressed)
0000B8 EF?? F???      00188         GOTO change             ; if button is press (bit 0 = 0), GOTO s6
0000BC 0E3D           00189     MOVLW D'61'         ; 250000 / 4 = 62500 => 62500 / 1024 = 61
0000BE 6ECB           00190     MOVWF PR2   
0000C0 EF?? F???      00191     GOTO s5
                      00192 
                      00193 ;0.5s
0000C4                00194 s6:
0000C4 0E06           00195     MOVLW 0x06
0000C6 6E21           00196     MOVWF 0x021
0000C8 A081           00197     BTFSS PORTB, 0              ; Check if PORTB bit 0 is high (button not pressed)
0000CA EF?? F???      00198         GOTO change             ; if button is press (bit 0 = 0), GOTO s1
0000CE 0E7A           00199     MOVLW D'122'                ; 250000 / 2 = 62500 => 125000 / 1024 = 122
0000D0 6ECB           00200     MOVWF PR2   
0000D2 EF?? F???      00201     GOTO s6
                      00202   
0000D6                00203 change:
0000D6 929D           00204     BCF PIE1, TMR2IE      ; cleat TMR2IE, stopping Timer2
0000D8 0E01           00205     MOVLW 0x01
0000DA 6ECC           00206     MOVWF TMR2
0000DC 0E06           00207     MOVLW 0x06
0000DE 6021           00208     CPFSLT 0x021
0000E0 EF?? F???      00209         GOTO c_6_t_1
0000E4 0E05           00210     MOVLW 0x05
0000E6 6021           00211     CPFSLT 0x021
0000E8 EF?? F???      00212         GOTO c_5_t_6
0000EC 0E04           00213     MOVLW 0x04
0000EE 6021           00214     CPFSLT 0x021
0000F0 EF?? F???      00215         GOTO c_4_t_5
0000F4 0E03           00216     MOVLW 0x03
0000F6 6021           00217     CPFSLT 0x021
0000F8 EF?? F???      00218         GOTO c_3_t_4
0000FC 0E02           00219     MOVLW 0x02
0000FE 6021           00220     CPFSLT 0x021
000100 EF?? F???      00221         GOTO c_2_t_3
000104 0E01           00222     MOVLW 0x01
000106 6021           00223     CPFSLT 0x021
000108 EF?? F???      00224         GOTO c_1_t_2
                      00225 
00010C                00226 c_1_t_2:
00010C 6A20           00227     CLRF 0x020
00010E 0E00           00228     MOVLW 0x00
000110 6E30           00229     MOVWF 0x030
000112 6A32           00230     CLRF 0x032
000114 0E10           00231     MOVLW 0x10
000116 6E31           00232     MOVWF 0x031
000118 C030 F020      00233     MOVFF 0x030, 0x020
00011C C020 FF89      00234     MOVFF 0x020, LATA
MPASM 5.84                         BONUS.ASM   11-21-2024  9:30:26         PAGE  6


LOC  OBJECT CODE     LINE SOURCE TEXT
  VALUE

                      00235     
000120 0E7A           00236     MOVLW D'122'                
000122 6ECB           00237     MOVWF PR2                   
000124 829D           00238     BSF PIE1, TMR2IE            ; set TMR2IE, start Timer2
                      00239     DELAY  d'350' , d'90'       ; Delay0.25s
  0000                    M     local LOOP1 
  0000                    M     local LOOP2
000126 0E5A               M     MOVLW d'90'
000128 6E15               M     MOVWF L2
Warning[207]: Found label after column 1. (LOOP2)
00012A                    M     LOOP2:
Warning[202]: Argument out of range.  Least significant bits used.
00012A 0E5E               M         MOVLW d'350'
00012C 6E14               M         MOVWF L1
Warning[207]: Found label after column 1. (LOOP1)
00012E                    M     LOOP1:
00012E 0000               M         NOP
000130 0000               M         NOP
000132 0000               M         NOP
000134 0000               M         NOP
000136 0000               M         NOP
000138 0000               M         NOP
00013A 2E14               M         DECFSZ L1, 1
00013C D???               M         BRA LOOP1
00013E 2E15               M         DECFSZ L2, 1
000140 D???               M         BRA LOOP2
000142 EF?? F???      00240     GOTO s2
                      00241 
000146                00242 c_2_t_3:
000146 0E0F           00243     MOVLW 0x0F
000148 6E30           00244     MOVWF 0x030
00014A 0E01           00245     MOVLW 0x01
00014C 6E32           00246     MOVWF 0x032
00014E 0EFF           00247     MOVLW 0xFF
000150 6E31           00248     MOVWF 0x031
000152 C030 F020      00249     MOVFF 0x030, 0x020
000156 C020 FF89      00250     MOVFF 0x020, LATA
                      00251     
00015A 0E3D           00252     MOVLW D'61'         
00015C 6ECB           00253     MOVWF PR2                   ; add wait 0s
00015E 829D           00254     BSF PIE1, TMR2IE            ; set TMR2IE, start Timer2
                      00255     DELAY  d'350' , d'90'       ; Delay0.25s
  0000                    M     local LOOP1 
  0000                    M     local LOOP2
000160 0E5A               M     MOVLW d'90'
000162 6E15               M     MOVWF L2
Warning[207]: Found label after column 1. (LOOP2)
000164                    M     LOOP2:
Warning[202]: Argument out of range.  Least significant bits used.
000164 0E5E               M         MOVLW d'350'
000166 6E14               M         MOVWF L1
Warning[207]: Found label after column 1. (LOOP1)
000168                    M     LOOP1:
MPASM 5.84                         BONUS.ASM   11-21-2024  9:30:26         PAGE  7


LOC  OBJECT CODE     LINE SOURCE TEXT
  VALUE

000168 0000               M         NOP
00016A 0000               M         NOP
00016C 0000               M         NOP
00016E 0000               M         NOP
000170 0000               M         NOP
000172 0000               M         NOP
000174 2E14               M         DECFSZ L1, 1
000176 D???               M         BRA LOOP1
000178 2E15               M         DECFSZ L2, 1
00017A D???               M         BRA LOOP2
00017C EF?? F???      00256     GOTO s3
                      00257     
000180                00258 c_3_t_4:
000180 6A20           00259     CLRF 0x020
000182 0E00           00260     MOVLW 0x00
000184 6E30           00261     MOVWF 0x030
000186 6A32           00262     CLRF 0x032
000188 0E08           00263     MOVLW 0x08
00018A 6E31           00264     MOVWF 0x031
00018C C030 F020      00265     MOVFF 0x030, 0x020
000190 C020 FF89      00266     MOVFF 0x020, LATA
                      00267     
000194 0E7A           00268     MOVLW D'122'                
000196 6ECB           00269     MOVWF PR2                   ; add wait 0.25s
000198 829D           00270     BSF PIE1, TMR2IE            ; set TMR2IE, start Timer2
                      00271     DELAY  d'350' , d'90'       ; Delay0.25s
  0000                    M     local LOOP1 
  0000                    M     local LOOP2
00019A 0E5A               M     MOVLW d'90'
00019C 6E15               M     MOVWF L2
Warning[207]: Found label after column 1. (LOOP2)
00019E                    M     LOOP2:
Warning[202]: Argument out of range.  Least significant bits used.
00019E 0E5E               M         MOVLW d'350'
0001A0 6E14               M         MOVWF L1
Warning[207]: Found label after column 1. (LOOP1)
0001A2                    M     LOOP1:
0001A2 0000               M         NOP
0001A4 0000               M         NOP
0001A6 0000               M         NOP
0001A8 0000               M         NOP
0001AA 0000               M         NOP
0001AC 0000               M         NOP
0001AE 2E14               M         DECFSZ L1, 1
0001B0 D???               M         BRA LOOP1
0001B2 2E15               M         DECFSZ L2, 1
0001B4 D???               M         BRA LOOP2
0001B6 EF?? F???      00272     GOTO s4
                      00273 
0001BA                00274 c_4_t_5:
0001BA 6A20           00275     CLRF 0x020
0001BC 0E00           00276     MOVLW 0x00
0001BE 6E30           00277     MOVWF 0x030
MPASM 5.84                         BONUS.ASM   11-21-2024  9:30:26         PAGE  8


LOC  OBJECT CODE     LINE SOURCE TEXT
  VALUE

0001C0 6A32           00278     CLRF 0x032
0001C2 0E10           00279     MOVLW 0x10
0001C4 6E31           00280     MOVWF 0x031
0001C6 C030 F020      00281     MOVFF 0x030, 0x020
0001CA C020 FF89      00282     MOVFF 0x020, LATA
                      00283     
0001CE 0E3D           00284     MOVLW D'61'         
0001D0 6ECB           00285     MOVWF PR2                   ; add wait 0s
0001D2 829D           00286     BSF PIE1, TMR2IE            ; set TMR2IE, start Timer2
                      00287     DELAY  d'350' , d'90'       ; Delay0.25s
  0000                    M     local LOOP1 
  0000                    M     local LOOP2
0001D4 0E5A               M     MOVLW d'90'
0001D6 6E15               M     MOVWF L2
Warning[207]: Found label after column 1. (LOOP2)
0001D8                    M     LOOP2:
Warning[202]: Argument out of range.  Least significant bits used.
0001D8 0E5E               M         MOVLW d'350'
0001DA 6E14               M         MOVWF L1
Warning[207]: Found label after column 1. (LOOP1)
0001DC                    M     LOOP1:
0001DC 0000               M         NOP
0001DE 0000               M         NOP
0001E0 0000               M         NOP
0001E2 0000               M         NOP
0001E4 0000               M         NOP
0001E6 0000               M         NOP
0001E8 2E14               M         DECFSZ L1, 1
0001EA D???               M         BRA LOOP1
0001EC 2E15               M         DECFSZ L2, 1
0001EE D???               M         BRA LOOP2
0001F0 EF?? F???      00288     GOTO s5
                      00289 
0001F4                00290 c_5_t_6:
0001F4 0E0F           00291     MOVLW 0x0F
0001F6 6E30           00292     MOVWF 0x030
0001F8 0E01           00293     MOVLW 0x01
0001FA 6E32           00294     MOVWF 0x032
0001FC 0EFF           00295     MOVLW 0xFF
0001FE 6E31           00296     MOVWF 0x031
000200 C030 F020      00297     MOVFF 0x030, 0x020
000204 C020 FF89      00298     MOVFF 0x020, LATA
                      00299     
000208 0E7A           00300     MOVLW D'122'                
00020A 6ECB           00301     MOVWF PR2                   ; add wait 0.25s
00020C 829D           00302     BSF PIE1, TMR2IE            ; set TMR2IE, start Timer2
                      00303     DELAY  d'350' , d'90'       ; Delay0.25s
  0000                    M     local LOOP1 
  0000                    M     local LOOP2
00020E 0E5A               M     MOVLW d'90'
000210 6E15               M     MOVWF L2
Warning[207]: Found label after column 1. (LOOP2)
000212                    M     LOOP2:
MPASM 5.84                         BONUS.ASM   11-21-2024  9:30:26         PAGE  9


LOC  OBJECT CODE     LINE SOURCE TEXT
  VALUE

Warning[202]: Argument out of range.  Least significant bits used.
000212 0E5E               M         MOVLW d'350'
000214 6E14               M         MOVWF L1
Warning[207]: Found label after column 1. (LOOP1)
000216                    M     LOOP1:
000216 0000               M         NOP
000218 0000               M         NOP
00021A 0000               M         NOP
00021C 0000               M         NOP
00021E 0000               M         NOP
000220 0000               M         NOP
000222 2E14               M         DECFSZ L1, 1
000224 D???               M         BRA LOOP1
000226 2E15               M         DECFSZ L2, 1
000228 D???               M         BRA LOOP2
00022A EF?? F???      00304     GOTO s6
                      00305     
00022E                00306 c_6_t_1:
00022E 6A20           00307     CLRF 0x020
000230 0E00           00308     MOVLW 0x00
000232 6E30           00309     MOVWF 0x030
000234 6A32           00310     CLRF 0x032
000236 0E08           00311     MOVLW 0x08
000238 6E31           00312     MOVWF 0x031
00023A C030 F020      00313     MOVFF 0x030, 0x020
00023E C020 FF89      00314     MOVFF 0x020, LATA
                      00315     DELAY  d'350' , d'75'       ; Delay0.25s
  0000                    M     local LOOP1 
  0000                    M     local LOOP2
000242 0E4B               M     MOVLW d'75'
000244 6E15               M     MOVWF L2
Warning[207]: Found label after column 1. (LOOP2)
000246                    M     LOOP2:
Warning[202]: Argument out of range.  Least significant bits used.
000246 0E5E               M         MOVLW d'350'
000248 6E14               M         MOVWF L1
Warning[207]: Found label after column 1. (LOOP1)
00024A                    M     LOOP1:
00024A 0000               M         NOP
00024C 0000               M         NOP
00024E 0000               M         NOP
000250 0000               M         NOP
000252 0000               M         NOP
000254 0000               M         NOP
000256 2E14               M         DECFSZ L1, 1
000258 D???               M         BRA LOOP1
00025A 2E15               M         DECFSZ L2, 1
00025C D???               M         BRA LOOP2
00025E 0E3D           00316     MOVLW D'61'         
000260 6ECB           00317     MOVWF PR2                   ; add wait 0s
000262 829D           00318     BSF PIE1, TMR2IE            ; set TMR2IE, start Timer2
000264 EF?? F???      00319     GOTO s1
Warning[205]: Found directive in column 1. (end)
MPASM 5.84                         BONUS.ASM   11-21-2024  9:30:26         PAGE 10


LOC  OBJECT CODE     LINE SOURCE TEXT
  VALUE

                      00320 end
MPASM 5.84                         BONUS.ASM   11-21-2024  9:30:26         PAGE 11


SYMBOL TABLE
  LABEL                             VALUE 

A                                 00000000
ABDEN                             00000000
ABDOVF                            00000007
ACCESS                            00000000
ACKDT                             00000005
ACKEN                             00000004
ACKSTAT                           00000006
ACQT0                             00000003
ACQT1                             00000004
ACQT2                             00000005
ADCON0                            00000FC2
ADCON1                            00000FC1
ADCON2                            00000FC0
ADCS0                             00000000
ADCS1                             00000001
ADCS2                             00000002
ADDEN                             00000003
ADEN                              00000003
ADFM                              00000007
ADIE                              00000006
ADIF                              00000006
ADIP                              00000006
ADMSK1                            00000001
ADMSK2                            00000002
ADMSK3                            00000003
ADMSK4                            00000004
ADMSK5                            00000005
ADON                              00000000
ADRES                             00000FC3
ADRESH                            00000FC4
ADRESL                            00000FC3
AN0                               00000000
AN1                               00000001
AN10                              00000001
AN11                              00000004
AN12                              00000000
AN2                               00000002
AN3                               00000003
AN4                               00000005
AN5                               00000000
AN6                               00000001
AN7                               00000002
AN8                               00000002
AN9                               00000003
BANKED                            00000001
BAUDCON                           00000FB8
BAUDCTL                           00000FB8
BCLIE                             00000003
BCLIF                             00000003
BCLIP                             00000003
BF                                00000000
BGST                              00000005
BOR                               00000000
MPASM 5.84                         BONUS.ASM   11-21-2024  9:30:26         PAGE 12


SYMBOL TABLE
  LABEL                             VALUE 

BRG16                             00000003
BRGH                              00000002
BSR                               00000FE0
C                                 00000000
C1INV                             00000004
C1OUT_CMCON                       00000006
C1OUT_PORTA                       00000004
C2INV                             00000005
C2OUT_CMCON                       00000007
C2OUT_PORTA                       00000005
CCP1                              00000002
CCP1CON                           00000FBD
CCP1IE                            00000002
CCP1IF                            00000002
CCP1IP                            00000002
CCP1M0                            00000000
CCP1M1                            00000001
CCP1M2                            00000002
CCP1M3                            00000003
CCP1X                             00000005
CCP1Y                             00000004
CCP2CON                           00000FBA
CCP2IE                            00000000
CCP2IF                            00000000
CCP2IP                            00000000
CCP2M0                            00000000
CCP2M1                            00000001
CCP2M2                            00000002
CCP2M3                            00000003
CCP2X                             00000005
CCP2Y                             00000004
CCP2_PORTB                        00000003
CCP2_PORTC                        00000001
CCPR1                             00000FBE
CCPR1H                            00000FBF
CCPR1L                            00000FBE
CCPR2                             00000FBB
CCPR2H                            00000FBC
CCPR2L                            00000FBB
CFGS                              00000006
CHS0                              00000002
CHS1                              00000003
CHS2                              00000004
CHS3                              00000005
CIS                               00000003
CK                                00000006
CKE                               00000006
CKP                               00000004
CLKI                              00000007
CLKO                              00000006
CM0                               00000000
CM1                               00000001
CM2                               00000002
MPASM 5.84                         BONUS.ASM   11-21-2024  9:30:26         PAGE 13


SYMBOL TABLE
  LABEL                             VALUE 

CMCON                             00000FB4
CMIE                              00000006
CMIF                              00000006
CMIP                              00000006
CREN                              00000004
CS                                00000002
CSRC                              00000007
CVR0                              00000000
CVR1                              00000001
CVR2                              00000002
CVR3                              00000003
CVRCON                            00000FB5
CVREF                             00000002
CVREN                             00000007
CVROE                             00000006
CVRR                              00000005
CVRSS                             00000004
D                                 00000005
DC                                00000001
DC1B0                             00000004
DC1B1                             00000005
DC2B0                             00000004
DC2B1                             00000005
DDRA                              TRISA
DDRB                              TRISB
DDRC                              TRISC
DDRD                              TRISD
DDRE                              TRISE
DELAY                             
DONE                              00000001
D_A                               00000005
D_NOT_A                           00000005
ECCP1AS                           00000FB6
ECCP1DEL                          00000FB7
ECCPAS                            00000FB6
ECCPAS0                           00000004
ECCPAS1                           00000005
ECCPAS2                           00000006
ECCPASE                           00000007
EEADR                             00000FA9
EECON1                            00000FA6
EECON2                            00000FA7
EEDATA                            00000FA8
EEIE                              00000004
EEIF                              00000004
EEIP                              00000004
EEPGD                             00000007
FAST                              00000001
FERR                              00000002
FLT0                              00000000
FLTS                              00000002
FREE                              00000004
FSR0                              00000000
MPASM 5.84                         BONUS.ASM   11-21-2024  9:30:26         PAGE 14


SYMBOL TABLE
  LABEL                             VALUE 

FSR0H                             00000FEA
FSR0L                             00000FE9
FSR1                              00000001
FSR1H                             00000FE2
FSR1L                             00000FE1
FSR2                              00000002
FSR2H                             00000FDA
FSR2L                             00000FD9
GCEN                              00000007
GIE                               00000007
GIEH                              00000007
GIEL                              00000006
GIE_GIEH                          00000007
GO                                00000001
GO_DONE                           00000001
GO_NOT_DONE                       00000001
HLVDCON                           00000FD2
HLVDEN                            00000004
HLVDIE                            00000002
HLVDIF                            00000002
HLVDIN                            00000005
HLVDIP                            00000002
HLVDL0                            00000000
HLVDL1                            00000001
HLVDL2                            00000002
HLVDL3                            00000003
IBF                               00000007
IBOV                              00000005
IDLEN                             00000007
INDF0                             00000FEF
INDF1                             00000FE7
INDF2                             00000FDF
INT0                              00000000
INT0E                             00000004
INT0F                             00000001
INT0IE                            00000004
INT0IF                            00000001
INT1                              00000001
INT1E                             00000003
INT1F                             00000000
INT1IE                            00000003
INT1IF                            00000000
INT1IP                            00000006
INT1P                             00000006
INT2                              00000002
INT2E                             00000004
INT2F                             00000001
INT2IE                            00000004
INT2IF                            00000001
INT2IP                            00000007
INT2P                             00000007
INTCON                            00000FF2
INTCON2                           00000FF1
MPASM 5.84                         BONUS.ASM   11-21-2024  9:30:26         PAGE 15


SYMBOL TABLE
  LABEL                             VALUE 

INTCON3                           00000FF0
INTEDG0                           00000006
INTEDG1                           00000005
INTEDG2                           00000004
INTSRC                            00000007
IOFS                              00000002
IPEN                              00000007
IPR1                              00000F9F
IPR2                              00000FA2
IRCF0                             00000004
IRCF1                             00000005
IRCF2                             00000006
IRVST                             00000005
ISR                               00000004
IVRST                             00000005
Initial                           00000020
KBI0                              00000004
KBI1                              00000005
KBI2                              00000006
KBI3                              00000007
L1                                00000014
L2                                00000015
LATA                              00000F89
LATA0                             00000000
LATA1                             00000001
LATA2                             00000002
LATA3                             00000003
LATA4                             00000004
LATA5                             00000005
LATA6                             00000006
LATA7                             00000007
LATB                              00000F8A
LATB0                             00000000
LATB1                             00000001
LATB2                             00000002
LATB3                             00000003
LATB4                             00000004
LATB5                             00000005
LATB6                             00000006
LATB7                             00000007
LATC                              00000F8B
LATC0                             00000000
LATC1                             00000001
LATC2                             00000002
LATC3                             00000003
LATC4                             00000004
LATC5                             00000005
LATC6                             00000006
LATC7                             00000007
LATD                              00000F8C
LATD0                             00000000
LATD1                             00000001
LATD2                             00000002
MPASM 5.84                         BONUS.ASM   11-21-2024  9:30:26         PAGE 16


SYMBOL TABLE
  LABEL                             VALUE 

LATD3                             00000003
LATD4                             00000004
LATD5                             00000005
LATD6                             00000006
LATD7                             00000007
LATE                              00000F8D
LATE0                             00000000
LATE1                             00000001
LATE2                             00000002
LVDCON                            00000FD2
LVDEN                             00000004
LVDIE                             00000002
LVDIF                             00000002
LVDIN                             00000005
LVDIP                             00000002
LVDL0                             00000000
LVDL1                             00000001
LVDL2                             00000002
LVDL3                             00000003
LVV0                              00000000
LVV1                              00000001
LVV2                              00000002
LVV3                              00000003
MCLR                              00000003
N                                 00000004
NOT_A                             00000005
NOT_ADDRESS                       00000005
NOT_BOR                           00000000
NOT_CS                            00000002
NOT_DONE                          00000001
NOT_MCLR                          00000003
NOT_PD                            00000002
NOT_POR                           00000001
NOT_RBPU                          00000007
NOT_RD                            00000000
NOT_RI                            00000004
NOT_SS                            00000005
NOT_T1SYNC                        00000002
NOT_T3SYNC                        00000002
NOT_TO                            00000003
NOT_W                             00000002
NOT_WR                            00000001
NOT_WRITE                         00000002
OBF                               00000006
OERR                              00000001
OSC1                              00000007
OSC2                              00000006
OSCCON                            00000FD3
OSCFIE                            00000007
OSCFIF                            00000007
OSCFIP                            00000007
OSCTUNE                           00000F9B
OSTS                              00000003
MPASM 5.84                         BONUS.ASM   11-21-2024  9:30:26         PAGE 17


SYMBOL TABLE
  LABEL                             VALUE 

OV                                00000003
P                                 00000004
P1A                               00000002
P1B                               00000005
P1C                               00000006
P1D                               00000007
P1M0                              00000006
P1M1                              00000007
PC                                00000FF9
PCFG0                             00000000
PCFG1                             00000001
PCFG2                             00000002
PCFG3                             00000003
PCL                               00000FF9
PCLATH                            00000FFA
PCLATU                            00000FFB
PD                                00000002
PDC0                              00000000
PDC1                              00000001
PDC2                              00000002
PDC3                              00000003
PDC4                              00000004
PDC5                              00000005
PDC6                              00000006
PEIE                              00000006
PEIE_GIEL                         00000006
PEN                               00000002
PGC                               00000006
PGD                               00000007
PGM                               00000005
PIE1                              00000F9D
PIE2                              00000FA0
PIR1                              00000F9E
PIR2                              00000FA1
PLLEN                             00000006
PLUSW0                            00000FEB
PLUSW1                            00000FE3
PLUSW2                            00000FDB
POR                               00000001
PORTA                             00000F80
PORTB                             00000F81
PORTC                             00000F82
PORTD                             00000F83
PORTE                             00000F84
POSTDEC0                          00000FED
POSTDEC1                          00000FE5
POSTDEC2                          00000FDD
POSTINC0                          00000FEE
POSTINC1                          00000FE6
POSTINC2                          00000FDE
PR2                               00000FCB
PREINC0                           00000FEC
PREINC1                           00000FE4
MPASM 5.84                         BONUS.ASM   11-21-2024  9:30:26         PAGE 18


SYMBOL TABLE
  LABEL                             VALUE 

PREINC2                           00000FDC
PROD                              00000FF3
PRODH                             00000FF4
PRODL                             00000FF3
PRSEN                             00000007
PSA                               00000003
PSP0                              00000000
PSP1                              00000001
PSP2                              00000002
PSP3                              00000003
PSP4                              00000004
PSP5                              00000005
PSP6                              00000006
PSP7                              00000007
PSPIE                             00000007
PSPIF                             00000007
PSPIP                             00000007
PSPMODE                           00000004
PSSAC0                            00000002
PSSAC1                            00000003
PSSBD0                            00000000
PSSBD1                            00000001
PWM1CON                           00000FB7
R                                 00000002
RA0                               00000000
RA1                               00000001
RA2                               00000002
RA3                               00000003
RA4                               00000004
RA5                               00000005
RA6                               00000006
RA7                               00000007
RB0                               00000000
RB1                               00000001
RB2                               00000002
RB3                               00000003
RB4                               00000004
RB5                               00000005
RB6                               00000006
RB7                               00000007
RBIE                              00000003
RBIF                              00000000
RBIP                              00000000
RBPU                              00000007
RC0                               00000000
RC1                               00000001
RC2                               00000002
RC3                               00000003
RC4                               00000004
RC5                               00000005
RC6                               00000006
RC7                               00000007
RCEN                              00000003
MPASM 5.84                         BONUS.ASM   11-21-2024  9:30:26         PAGE 19


SYMBOL TABLE
  LABEL                             VALUE 

RCIDL                             00000006
RCIE                              00000005
RCIF                              00000005
RCIP                              00000005
RCMT                              00000006
RCON                              00000FD0
RCREG                             00000FAE
RCSTA                             00000FAB
RD                                00000000
RD0                               00000000
RD1                               00000001
RD16                              00000007
RD2                               00000002
RD3                               00000003
RD4                               00000004
RD5                               00000005
RD6                               00000006
RD7                               00000007
RE0                               00000000
RE1                               00000001
RE2                               00000002
RE3                               00000003
RI                                00000004
RSEN                              00000001
RX                                00000007
RX9                               00000006
RX9D                              00000000
RXDTP                             00000005
R_NOT_W                           00000002
R_W                               00000002
S                                 00000003
SBOREN                            00000006
SCK                               00000003
SCKP                              00000004
SCL                               00000003
SCS0                              00000000
SCS1                              00000001
SDA                               00000004
SDI                               00000004
SDO                               00000005
SEN                               00000000
SENDB                             00000003
SMP                               00000007
SP0                               00000000
SP1                               00000001
SP2                               00000002
SP3                               00000003
SP4                               00000004
SPBRG                             00000FAF
SPBRGH                            00000FB0
SPEN                              00000007
SREN                              00000005
SS                                00000005
MPASM 5.84                         BONUS.ASM   11-21-2024  9:30:26         PAGE 20


SYMBOL TABLE
  LABEL                             VALUE 

SSPADD                            00000FC8
SSPBUF                            00000FC9
SSPCON1                           00000FC6
SSPCON2                           00000FC5
SSPEN                             00000005
SSPIE                             00000003
SSPIF                             00000003
SSPIP                             00000003
SSPM0                             00000000
SSPM1                             00000001
SSPM2                             00000002
SSPM3                             00000003
SSPOV                             00000006
SSPSTAT                           00000FC7
STATUS                            00000FD8
STKFUL                            00000007
STKOVF                            00000007
STKPTR                            00000FFC
STKUNF                            00000006
SWDTE                             00000000
SWDTEN                            00000000
SYNC                              00000004
T016BIT                           00000006
T08BIT                            00000006
T0CKI                             00000004
T0CON                             00000FD5
T0CS                              00000005
T0IE                              00000005
T0IF                              00000002
T0PS0                             00000000
T0PS1                             00000001
T0PS2                             00000002
T0PS3                             00000003
T0SE                              00000004
T13CKI                            00000000
T1CKI                             00000000
T1CKPS0                           00000004
T1CKPS1                           00000005
T1CON                             00000FCD
T1OSCEN                           00000003
T1OSI                             00000001
T1OSO                             00000000
T1RUN                             00000006
T1SYNC                            00000002
T2CKPS0                           00000000
T2CKPS1                           00000001
T2CON                             00000FCA
T2OUTPS0                          00000003
T2OUTPS1                          00000004
T2OUTPS2                          00000005
T2OUTPS3                          00000006
T3CCP1                            00000003
T3CCP2                            00000006
MPASM 5.84                         BONUS.ASM   11-21-2024  9:30:26         PAGE 21


SYMBOL TABLE
  LABEL                             VALUE 

T3CKPS0                           00000004
T3CKPS1                           00000005
T3CON                             00000FB1
T3SYNC                            00000002
TABLAT                            00000FF5
TBLPTR                            00000FF6
TBLPTRH                           00000FF7
TBLPTRL                           00000FF6
TBLPTRU                           00000FF8
TMR0                              00000FD6
TMR0H                             00000FD7
TMR0IE                            00000005
TMR0IF                            00000002
TMR0IP                            00000002
TMR0L                             00000FD6
TMR0ON                            00000007
TMR1                              00000FCE
TMR1CS                            00000001
TMR1H                             00000FCF
TMR1IE                            00000000
TMR1IF                            00000000
TMR1IP                            00000000
TMR1L                             00000FCE
TMR1ON                            00000000
TMR2                              00000FCC
TMR2IE                            00000001
TMR2IF                            00000001
TMR2IP                            00000001
TMR2ON                            00000002
TMR3                              00000FB2
TMR3CS                            00000001
TMR3H                             00000FB3
TMR3IE                            00000001
TMR3IF                            00000001
TMR3IP                            00000001
TMR3L                             00000FB2
TMR3ON                            00000000
TO                                00000003
TOS                               00000FFD
TOSH                              00000FFE
TOSL                              00000FFD
TOSU                              00000FFF
TOUTPS0                           00000003
TOUTPS1                           00000004
TOUTPS2                           00000005
TOUTPS3                           00000006
TRISA                             00000F92
TRISA0                            00000000
TRISA1                            00000001
TRISA2                            00000002
TRISA3                            00000003
TRISA4                            00000004
TRISA5                            00000005
MPASM 5.84                         BONUS.ASM   11-21-2024  9:30:26         PAGE 22


SYMBOL TABLE
  LABEL                             VALUE 

TRISA6                            00000006
TRISA7                            00000007
TRISB                             00000F93
TRISB0                            00000000
TRISB1                            00000001
TRISB2                            00000002
TRISB3                            00000003
TRISB4                            00000004
TRISB5                            00000005
TRISB6                            00000006
TRISB7                            00000007
TRISC                             00000F94
TRISC0                            00000000
TRISC1                            00000001
TRISC2                            00000002
TRISC3                            00000003
TRISC4                            00000004
TRISC5                            00000005
TRISC6                            00000006
TRISC7                            00000007
TRISD                             00000F95
TRISD0                            00000000
TRISD1                            00000001
TRISD2                            00000002
TRISD3                            00000003
TRISD4                            00000004
TRISD5                            00000005
TRISD6                            00000006
TRISD7                            00000007
TRISE                             00000F96
TRISE0                            00000000
TRISE1                            00000001
TRISE2                            00000002
TRMT                              00000001
TUN0                              00000000
TUN1                              00000001
TUN2                              00000002
TUN3                              00000003
TUN4                              00000004
TX                                00000006
TX9                               00000006
TX9D                              00000000
TXCKP                             00000004
TXEN                              00000005
TXIE                              00000004
TXIF                              00000004
TXIP                              00000004
TXREG                             00000FAD
TXSTA                             00000FAC
UA                                00000001
VCFG0                             00000004
VCFG1                             00000005
VDIRMAG                           00000007
MPASM 5.84                         BONUS.ASM   11-21-2024  9:30:26         PAGE 23


SYMBOL TABLE
  LABEL                             VALUE 

VPP                               00000003
VREFN                             00000002
VREFP                             00000003
W                                 00000000
WCOL                              00000007
WDTCON                            00000FD1
WR                                00000001
WREG                              00000FE8
WREN                              00000002
WRERR                             00000003
WUE                               00000001
Z                                 00000002
_BOREN_NOSLP_2L                   000000FD
_BOREN_OFF_2L                     000000F9
_BOREN_ON_2L                      000000FB
_BOREN_SBORDIS_2L                 000000FF
_BORV_0_2L                        000000E7
_BORV_1_2L                        000000EF
_BORV_2_2L                        000000F7
_BORV_3_2L                        000000FF
_CCP2MX_PORTBE_3H                 000000FE
_CCP2MX_PORTC_3H                  000000FF
_CONFIG1H                         00300001
_CONFIG2H                         00300003
_CONFIG2L                         00300002
_CONFIG3H                         00300005
_CONFIG4L                         00300006
_CONFIG5H                         00300009
_CONFIG5L                         00300008
_CONFIG6H                         0030000B
_CONFIG6L                         0030000A
_CONFIG7H                         0030000D
_CONFIG7L                         0030000C
_CP0_OFF_5L                       000000FF
_CP0_ON_5L                        000000FE
_CP1_OFF_5L                       000000FF
_CP1_ON_5L                        000000FD
_CP2_OFF_5L                       000000FF
_CP2_ON_5L                        000000FB
_CP3_OFF_5L                       000000FF
_CP3_ON_5L                        000000F7
_CPB_OFF_5H                       000000FF
_CPB_ON_5H                        000000BF
_CPD_OFF_5H                       000000FF
_CPD_ON_5H                        0000007F
_DEBUG_OFF_4L                     000000FF
_DEBUG_ON_4L                      0000007F
_DEVID1                           003FFFFE
_DEVID2                           003FFFFF
_EBTR0_OFF_7L                     000000FF
_EBTR0_ON_7L                      000000FE
_EBTR1_OFF_7L                     000000FF
_EBTR1_ON_7L                      000000FD
MPASM 5.84                         BONUS.ASM   11-21-2024  9:30:26         PAGE 24


SYMBOL TABLE
  LABEL                             VALUE 

_EBTR2_OFF_7L                     000000FF
_EBTR2_ON_7L                      000000FB
_EBTR3_OFF_7L                     000000FF
_EBTR3_ON_7L                      000000F7
_EBTRB_OFF_7H                     000000FF
_EBTRB_ON_7H                      000000BF
_FCMEN_OFF_1H                     000000BF
_FCMEN_ON_1H                      000000FF
_IDLOC0                           00200000
_IDLOC1                           00200001
_IDLOC2                           00200002
_IDLOC3                           00200003
_IDLOC4                           00200004
_IDLOC5                           00200005
_IDLOC6                           00200006
_IDLOC7                           00200007
_IESO_OFF_1H                      0000007F
_IESO_ON_1H                       000000FF
_LPT1OSC_OFF_3H                   000000FB
_LPT1OSC_ON_3H                    000000FF
_LVP_OFF_4L                       000000FB
_LVP_ON_4L                        000000FF
_MCLRE_OFF_3H                     0000007F
_MCLRE_ON_3H                      000000FF
_OSC_ECIO6_1H                     000000F5
_OSC_EC_1H                        000000F4
_OSC_HSPLL_1H                     000000F6
_OSC_HS_1H                        000000F2
_OSC_INTIO67_1H                   000000F8
_OSC_INTIO7_1H                    000000F9
_OSC_LP_1H                        000000F0
_OSC_RCIO6_1H                     000000F7
_OSC_RC_1H                        000000F3
_OSC_XT_1H                        000000F1
_PBADEN_OFF_3H                    000000FD
_PBADEN_ON_3H                     000000FF
_PWRT_OFF_2L                      000000FF
_PWRT_ON_2L                       000000FE
_STVREN_OFF_4L                    000000FE
_STVREN_ON_4L                     000000FF
_WDTPS_1024_2H                    000000F5
_WDTPS_128_2H                     000000EF
_WDTPS_16384_2H                   000000FD
_WDTPS_16_2H                      000000E9
_WDTPS_1_2H                       000000E1
_WDTPS_2048_2H                    000000F7
_WDTPS_256_2H                     000000F1
_WDTPS_2_2H                       000000E3
_WDTPS_32768_2H                   000000FF
_WDTPS_32_2H                      000000EB
_WDTPS_4096_2H                    000000F9
_WDTPS_4_2H                       000000E5
_WDTPS_512_2H                     000000F3
MPASM 5.84                         BONUS.ASM   11-21-2024  9:30:26         PAGE 25


SYMBOL TABLE
  LABEL                             VALUE 

_WDTPS_64_2H                      000000ED
_WDTPS_8192_2H                    000000FB
_WDTPS_8_2H                       000000E7
_WDT_OFF_2H                       000000FE
_WDT_ON_2H                        000000FF
_WRT0_OFF_6L                      000000FF
_WRT0_ON_6L                       000000FE
_WRT1_OFF_6L                      000000FF
_WRT1_ON_6L                       000000FD
_WRT2_OFF_6L                      000000FF
_WRT2_ON_6L                       000000FB
_WRT3_OFF_6L                      000000FF
_WRT3_ON_6L                       000000F7
_WRTB_OFF_6H                      000000FF
_WRTB_ON_6H                       000000BF
_WRTC_OFF_6H                      000000FF
_WRTC_ON_6H                       000000DF
_WRTD_OFF_6H                      000000FF
_WRTD_ON_6H                       0000007F
_XINST_OFF_4L                     000000BF
_XINST_ON_4L                      000000FF
__18F4520                         00000001
__DEBUG                           
c_1_t_2                           0000010C
c_2_t_3                           00000146
c_3_t_4                           00000180
c_4_t_5                           000001BA
c_5_t_6                           000001F4
c_6_t_1                           0000022E
change                            000000D6
main                              00000050
s1                                0000006A
s2                                0000007C
s3                                0000008E
s4                                000000A0
s5                                000000B2
s6                                000000C4

Errors   :     0
Warnings :    24 reported,     0 suppressed
Messages :     0 reported,     0 suppressed

